<?xml version="1.0" encoding="UTF-8"?>
<!-- Generated by org.testng.reporters.JUnitXMLReporter -->
<testsuite hostname="DESKTOP-MUE1MC5" ignored="0" name="Verification Test" tests="4" failures="0" timestamp="10 Nov 2019 06:22:13 GMT" time="0.031" errors="0">
  <testcase name="userRegiStration" time="0.0" classname="testngPractice.TestNGDependencies"/>
  <testcase name="thirdTest" time="0.0" classname="testngPractice.TestNGDependencies"/>
  <testcase name="userLogin" time="0.0" classname="testngPractice.TestNGDependencies"/>
  <testcase name="fourthTest" time="0.0" classname="testngPractice.TestNGDependencies"/>
</testsuite> <!-- Verification Test -->
