<?xml version="1.0" encoding="UTF-8"?>
<testng-results skipped="0" failed="0" ignored="0" total="5" passed="5">
  <reporter-output>
  </reporter-output>
  <suite name="Default suite" duration-ms="34179" started-at="2021-06-16T18:34:54Z" finished-at="2021-06-16T18:35:29Z">
    <groups>
    </groups>
    <test name="Default test" duration-ms="34179" started-at="2021-06-16T18:34:54Z" finished-at="2021-06-16T18:35:29Z">
      <class name="testngPractice.invocationCountTest">
        <test-method status="PASS" signature="setUp()[pri:0, instance:testngPractice.invocationCountTest@6950e31]" name="setUp" duration-ms="34094" started-at="2021-06-16T18:34:54Z" finished-at="2021-06-16T18:35:29Z">
          <reporter-output>
          </reporter-output>
        </test-method> <!-- setUp -->
        <test-method status="PASS" signature="setUp()[pri:0, instance:testngPractice.invocationCountTest@6950e31]" name="setUp" duration-ms="17687" started-at="2021-06-16T18:34:54Z" finished-at="2021-06-16T18:35:12Z">
          <reporter-output>
          </reporter-output>
        </test-method> <!-- setUp -->
        <test-method status="PASS" signature="setUp()[pri:0, instance:testngPractice.invocationCountTest@6950e31]" name="setUp" duration-ms="14802" started-at="2021-06-16T18:34:54Z" finished-at="2021-06-16T18:35:09Z">
          <reporter-output>
          </reporter-output>
        </test-method> <!-- setUp -->
        <test-method status="PASS" signature="setUp()[pri:0, instance:testngPractice.invocationCountTest@6950e31]" name="setUp" duration-ms="29670" started-at="2021-06-16T18:34:54Z" finished-at="2021-06-16T18:35:24Z">
          <reporter-output>
          </reporter-output>
        </test-method> <!-- setUp -->
        <test-method status="PASS" signature="setUp()[pri:0, instance:testngPractice.invocationCountTest@6950e31]" name="setUp" duration-ms="23305" started-at="2021-06-16T18:34:54Z" finished-at="2021-06-16T18:35:18Z">
          <reporter-output>
          </reporter-output>
        </test-method> <!-- setUp -->
      </class> <!-- testngPractice.invocationCountTest -->
    </test> <!-- Default test -->
  </suite> <!-- Default suite -->
</testng-results>
