<?xml version="1.0" encoding="UTF-8"?>
<!-- Generated by org.testng.reporters.JUnitReportReporter -->
<testsuite skipped="0" hostname="DESKTOP-MUE1MC5" name="DependsOnMethodsTest" tests="3" failures="0" timestamp="16 Aug 2019 06:44:57 GMT" time="0.016" errors="0">
  <testcase name="test1" time="0.016" classname="DependsOnMethodsTest"/>
  <testcase name="test3" time="0.000" classname="DependsOnMethodsTest"/>
  <testcase name="test2" time="0.000" classname="DependsOnMethodsTest"/>
</testsuite> <!-- DependsOnMethodsTest -->
