<?xml version="1.0" encoding="UTF-8"?>
<!-- Generated by org.testng.reporters.JUnitXMLReporter -->
<testsuite hostname="DESKTOP-MUE1MC5" ignored="0" name="Default test" tests="5" failures="0" timestamp="16 Jun 2021 18:35:29 GMT" time="34.179" errors="0">
  <testcase name="setUp" time="14.802" classname="testngPractice.invocationCountTest"/>
  <testcase name="setUp" time="17.687" classname="testngPractice.invocationCountTest"/>
  <testcase name="setUp" time="23.305" classname="testngPractice.invocationCountTest"/>
  <testcase name="setUp" time="29.67" classname="testngPractice.invocationCountTest"/>
  <testcase name="setUp" time="34.094" classname="testngPractice.invocationCountTest"/>
</testsuite> <!-- Default test -->
