<?xml version="1.0" encoding="UTF-8"?>
<!-- Generated by org.testng.reporters.JUnitXMLReporter -->
<testsuite hostname="DESKTOP-MUE1MC5" ignored="0" name="Regression Login Test" tests="3" failures="0" timestamp="08 Sep 2019 15:49:00 GMT" time="0.066" errors="0">
  <testcase name="test1" time="0.018" classname="testngPractice.testngTest_1"/>
  <testcase name="test11" time="0.002" classname="testngPractice.testngTest_1"/>
  <testcase name="test111" time="0.003" classname="testngPractice.testngTest_1"/>
</testsuite> <!-- Regression Login Test -->
