<?xml version="1.0" encoding="UTF-8"?>
<!-- Generated by org.testng.reporters.JUnitXMLReporter -->
<testsuite hostname="DESKTOP-MUE1MC5" ignored="4" name="E2E Test" tests="5" failures="0" timestamp="28 Feb 2020 01:45:44 GMT" time="73.101" errors="0">
  <testcase name="verifyLoginPageTitleTest" time="0.041" classname="com.qa.flipkarttests.FlipkartLoginPageTest"/>
  <testcase name="verifyLoginPageHeaderTest" time="0.09" classname="com.qa.flipkarttests.FlipkartLoginPageTest"/>
  <testcase name="verifyDoLoginTest" time="9.187" classname="com.qa.flipkarttests.FlipkartLoginPageTest"/>
  <testcase name="verifyUserNavigateToElectronicsPageTest" time="15.1" classname="com.qa.flipkarttests.FlipkartHomePageTest"/>
  <testcase name="verifySelectMobile" time="22.421" classname="com.qa.flipkarttests.MobilesTest"/>
  <testcase name="verifyMobilePageTitle" time="0.0" classname="com.qa.flipkarttests.MobilesTest">
    <ignored/>
  </testcase> <!-- verifyMobilePageTitle -->
  <testcase name="verifyHomePageHeader" time="0.0" classname="com.qa.flipkarttests.FlipkartHomePageTest">
    <ignored/>
  </testcase> <!-- verifyHomePageHeader -->
  <testcase name="verifyHomePageTitle" time="0.0" classname="com.qa.flipkarttests.FlipkartHomePageTest">
    <ignored/>
  </testcase> <!-- verifyHomePageTitle -->
  <testcase name="verifyMobilePageHeader" time="0.0" classname="com.qa.flipkarttests.MobilesTest">
    <ignored/>
  </testcase> <!-- verifyMobilePageHeader -->
</testsuite> <!-- E2E Test -->
